<?xml version="1.0" encoding="utf-8"?>
<coverage line-rate="0.9098999999999999" branch-rate="0.8332999999999999" version="1.9" timestamp="1776151216" lines-covered="1010" lines-valid="1110" branches-covered="315" branches-valid="378">
  <sources>
    <source>/home/randy/perso/battle_tank/src/GameLogic/</source>
  </sources>
  <packages>
    <package name="BattleTank.GameLogic" line-rate="0.9098999999999999" branch-rate="0.8332999999999999" complexity="612">
      <classes>
        <class name="BattleTank.GameLogic.Shared.MapLayout" filename="Shared/MapLayout.cs" line-rate="1" branch-rate="1" complexity="1">
          <methods>
            <method name=".cctor" signature="()" line-rate="1" branch-rate="1" complexity="1">
              <lines>
                <line number="9" hits="1" branch="False" />
                <line number="10" hits="1" branch="False" />
                <line number="11" hits="1" branch="False" />
                <line number="12" hits="1" branch="False" />
                <line number="13" hits="1" branch="False" />
                <line number="14" hits="1" branch="False" />
                <line number="15" hits="1" branch="False" />
                <line number="16" hits="1" branch="False" />
                <line number="17" hits="1" branch="False" />
                <line number="18" hits="1" branch="False" />
                <line number="19" hits="1" branch="False" />
                <line number="20" hits="1" branch="False" />
                <line number="21" hits="1" branch="False" />
                <line number="22" hits="1" branch="False" />
                <line number="23" hits="1" branch="False" />
                <line number="24" hits="1" branch="False" />
                <line number="25" hits="1" branch="False" />
                <line number="26" hits="1" branch="False" />
                <line number="27" hits="1" branch="False" />
                <line number="28" hits="1" branch="False" />
                <line number="29" hits="1" branch="False" />
                <line number="30" hits="1" branch="False" />
                <line number="31" hits="1" branch="False" />
                <line number="32" hits="1" branch="False" />
                <line number="33" hits="1" branch="False" />
                <line number="34" hits="1" branch="False" />
                <line number="35" hits="1" branch="False" />
                <line number="36" hits="1" branch="False" />
                <line number="37" hits="1" branch="False" />
              </lines>
            </method>
          </methods>
          <lines>
            <line number="9" hits="1" branch="False" />
            <line number="10" hits="1" branch="False" />
            <line number="11" hits="1" branch="False" />
            <line number="12" hits="1" branch="False" />
            <line number="13" hits="1" branch="False" />
            <line number="14" hits="1" branch="False" />
            <line number="15" hits="1" branch="False" />
            <line number="16" hits="1" branch="False" />
            <line number="17" hits="1" branch="False" />
            <line number="18" hits="1" branch="False" />
            <line number="19" hits="1" branch="False" />
            <line number="20" hits="1" branch="False" />
            <line number="21" hits="1" branch="False" />
            <line number="22" hits="1" branch="False" />
            <line number="23" hits="1" branch="False" />
            <line number="24" hits="1" branch="False" />
            <line number="25" hits="1" branch="False" />
            <line number="26" hits="1" branch="False" />
            <line number="27" hits="1" branch="False" />
            <line number="28" hits="1" branch="False" />
            <line number="29" hits="1" branch="False" />
            <line number="30" hits="1" branch="False" />
            <line number="31" hits="1" branch="False" />
            <line number="32" hits="1" branch="False" />
            <line number="33" hits="1" branch="False" />
            <line number="34" hits="1" branch="False" />
            <line number="35" hits="1" branch="False" />
            <line number="36" hits="1" branch="False" />
            <line number="37" hits="1" branch="False" />
          </lines>
        </class>
        <class name="BattleTank.GameLogic.Shared.Result`1" filename="Shared/Result.cs" line-rate="1" branch-rate="1" complexity="7">
          <methods>
            <method name="get_IsSuccess" signature="()" line-rate="1" branch-rate="1" complexity="1">
              <lines>
                <line number="5" hits="6" branch="False" />
              </lines>
            </method>
            <method name="get_Value" signature="()" line-rate="1" branch-rate="1" complexity="1">
              <lines>
                <line number="6" hits="29" branch="False" />
              </lines>
            </method>
            <method name="get_Error" signature="()" line-rate="1" branch-rate="1" complexity="1">
              <lines>
                <line number="7" hits="2" branch="False" />
              </lines>
            </method>
            <method name="Ok" signature="(T)" line-rate="1" branch-rate="1" complexity="1">
              <lines>
                <line number="12" hits="109" branch="False" />
              </lines>
            </method>
            <method name="Fail" signature="(System.String)" line-rate="1" branch-rate="1" complexity="1">
              <lines>
                <line number="13" hits="5" branch="False" />
              </lines>
            </method>
            <method name=".ctor" signature="(T)" line-rate="1" branch-rate="1" complexity="1">
              <lines>
                <line number="9" hits="545" branch="False" />
              </lines>
            </method>
            <method name=".ctor" signature="(System.String)" line-rate="1" branch-rate="1" complexity="1">
              <lines>
                <line number="10" hits="25" branch="False" />
              </lines>
            </method>
          </methods>
          <lines>
            <line number="5" hits="6" branch="False" />
            <line number="6" hits="29" branch="False" />
            <line number="7" hits="2" branch="False" />
            <line number="12" hits="109" branch="False" />
            <line number="13" hits="5" branch="False" />
            <line number="9" hits="545" branch="False" />
            <line number="10" hits="25" branch="False" />
          </lines>
        </class>
        <class name="BattleTank.GameLogic.Shared.TankSnapshot" filename="Shared/Types.cs" line-rate="1" branch-rate="1" complexity="6">
          <methods>
            <method name="get_Id" signature="()" line-rate="1" branch-rate="1" complexity="1">
              <lines>
                <line number="30" hits="5" branch="False" />
              </lines>
            </method>
            <method name="get_X" signature="()" line-rate="1" branch-rate="1" complexity="1">
              <lines>
                <line number="31" hits="5" branch="False" />
              </lines>
            </method>
            <method name="get_Y" signature="()" line-rate="1" branch-rate="1" complexity="1">
              <lines>
                <line number="32" hits="5" branch="False" />
              </lines>
            </method>
            <method name="get_Rotation" signature="()" line-rate="1" branch-rate="1" complexity="1">
              <lines>
                <line number="33" hits="3" branch="False" />
              </lines>
            </method>
            <method name="get_Health" signature="()" line-rate="1" branch-rate="1" complexity="1">
              <lines>
                <line number="34" hits="5" branch="False" />
              </lines>
            </method>
            <method name=".ctor" signature="(System.Int32,System.Single,System.Single,System.Single,System.Int32)" line-rate="1" branch-rate="1" complexity="1">
              <lines>
                <line number="29" hits="27" branch="False" />
                <line number="35" hits="27" branch="False" />
              </lines>
            </method>
          </methods>
          <lines>
            <line number="30" hits="5" branch="False" />
            <line number="31" hits="5" branch="False" />
            <line number="32" hits="5" branch="False" />
            <line number="33" hits="3" branch="False" />
            <line number="34" hits="5" branch="False" />
            <line number="29" hits="27" branch="False" />
            <line number="35" hits="27" branch="False" />
          </lines>
        </class>
        <class name="BattleTank.GameLogic.Shared.ZoneSnapshot" filename="Shared/Types.cs" line-rate="1" branch-rate="1" complexity="5">
          <methods>
            <method name="get_CenterX" signature="()" line-rate="1" branch-rate="1" complexity="1">
              <lines>
                <line number="39" hits="2" branch="False" />
              </lines>
            </method>
            <method name="get_CenterY" signature="()" line-rate="1" branch-rate="1" complexity="1">
              <lines>
                <line number="40" hits="2" branch="False" />
              </lines>
            </method>
            <method name="get_Radius" signature="()" line-rate="1" branch-rate="1" complexity="1">
              <lines>
                <line number="41" hits="7" branch="False" />
              </lines>
            </method>
            <method name="get_DamagePerSecond" signature="()" line-rate="1" branch-rate="1" complexity="1">
              <lines>
                <line number="42" hits="3" branch="False" />
              </lines>
            </method>
            <method name=".ctor" signature="(System.Single,System.Single,System.Single,System.Single)" line-rate="1" branch-rate="1" complexity="1">
              <lines>
                <line number="38" hits="22" branch="False" />
                <line number="43" hits="22" branch="False" />
              </lines>
            </method>
          </methods>
          <lines>
            <line number="39" hits="2" branch="False" />
            <line number="40" hits="2" branch="False" />
            <line number="41" hits="7" branch="False" />
            <line number="42" hits="3" branch="False" />
            <line number="38" hits="22" branch="False" />
            <line number="43" hits="22" branch="False" />
          </lines>
        </class>
        <class name="BattleTank.GameLogic.Shared.WallData" filename="Shared/Types.cs" line-rate="1" branch-rate="1" complexity="3">
          <methods>
            <method name="get_X" signature="()" line-rate="1" branch-rate="1" complexity="1">
              <lines>
                <line number="45" hits="2460321" branch="False" />
              </lines>
            </method>
            <method name="get_Right" signature="()" line-rate="1" branch-rate="1" complexity="1">
              <lines>
                <line number="47" hits="415500" branch="False" />
              </lines>
            </method>
            <method name="get_Bottom" signature="()" line-rate="1" branch-rate="1" complexity="1">
              <lines>
                <line number="48" hits="382669" branch="False" />
              </lines>
            </method>
          </methods>
          <lines>
            <line number="45" hits="2460321" branch="False" />
            <line number="47" hits="415500" branch="False" />
            <line number="48" hits="382669" branch="False" />
          </lines>
        </class>
        <class name="BattleTank.GameLogic.Shared.BulletSnapshot" filename="Shared/Types.cs" line-rate="1" branch-rate="1" complexity="7">
          <methods>
            <method name="get_Id" signature="()" line-rate="1" branch-rate="1" complexity="1">
              <lines>
                <line number="53" hits="2" branch="False" />
              </lines>
            </method>
            <method name="get_X" signature="()" line-rate="1" branch-rate="1" complexity="1">
              <lines>
                <line number="54" hits="2" branch="False" />
              </lines>
            </method>
            <method name="get_Y" signature="()" line-rate="1" branch-rate="1" complexity="1">
              <lines>
                <line number="55" hits="2" branch="False" />
              </lines>
            </method>
            <method name="get_DirectionX" signature="()" line-rate="1" branch-rate="1" complexity="1">
              <lines>
                <line number="56" hits="1" branch="False" />
              </lines>
            </method>
            <method name="get_DirectionY" signature="()" line-rate="1" branch-rate="1" complexity="1">
              <lines>
                <line number="57" hits="1" branch="False" />
              </lines>
            </method>
            <method name="get_OwnerId" signature="()" line-rate="1" branch-rate="1" complexity="1">
              <lines>
                <line number="58" hits="2" branch="False" />
              </lines>
            </method>
            <method name=".ctor" signature="(System.Int32,System.Single,System.Single,System.Single,System.Single,System.Int32)" line-rate="1" branch-rate="1" complexity="1">
              <lines>
                <line number="52" hits="3" branch="False" />
                <line number="59" hits="3" branch="False" />
              </lines>
            </method>
          </methods>
          <lines>
            <line number="53" hits="2" branch="False" />
            <line number="54" hits="2" branch="False" />
            <line number="55" hits="2" branch="False" />
            <line number="56" hits="1" branch="False" />
            <line number="57" hits="1" branch="False" />
            <line number="58" hits="2" branch="False" />
            <line number="52" hits="3" branch="False" />
            <line number="59" hits="3" branch="False" />
          </lines>
        </class>
        <class name="BattleTank.GameLogic.Shared.PowerupSnapshot" filename="Shared/Types.cs" line-rate="1" branch-rate="1" complexity="5">
          <methods>
            <method name="get_Id" signature="()" line-rate="1" branch-rate="1" complexity="1">
              <lines>
                <line number="63" hits="1" branch="False" />
              </lines>
            </method>
            <method name="get_X" signature="()" line-rate="1" branch-rate="1" complexity="1">
              <lines>
                <line number="64" hits="1" branch="False" />
              </lines>
            </method>
            <method name="get_Y" signature="()" line-rate="1" branch-rate="1" complexity="1">
              <lines>
                <line number="65" hits="1" branch="False" />
              </lines>
            </method>
            <method name="get_Type" signature="()" line-rate="1" branch-rate="1" complexity="1">
              <lines>
                <line number="66" hits="1" branch="False" />
              </lines>
            </method>
            <method name=".ctor" signature="(System.Int32,System.Single,System.Single,System.Int32)" line-rate="1" branch-rate="1" complexity="1">
              <lines>
                <line number="62" hits="1" branch="False" />
                <line number="67" hits="1" branch="False" />
              </lines>
            </method>
          </methods>
          <lines>
            <line number="63" hits="1" branch="False" />
            <line number="64" hits="1" branch="False" />
            <line number="65" hits="1" branch="False" />
            <line number="66" hits="1" branch="False" />
            <line number="62" hits="1" branch="False" />
            <line number="67" hits="1" branch="False" />
          </lines>
        </class>
        <class name="BattleTank.GameLogic.Shared.ControlPointSnapshot" filename="Shared/Types.cs" line-rate="1" branch-rate="1" complexity="7">
          <methods>
            <method name="get_Id" signature="()" line-rate="1" branch-rate="1" complexity="1">
              <lines>
                <line number="71" hits="1" branch="False" />
              </lines>
            </method>
            <method name="get_X" signature="()" line-rate="1" branch-rate="1" complexity="1">
              <lines>
                <line number="72" hits="1" branch="False" />
              </lines>
            </method>
            <method name="get_Y" signature="()" line-rate="1" branch-rate="1" complexity="1">
              <lines>
                <line number="73" hits="1" branch="False" />
              </lines>
            </method>
            <method name="get_Radius" signature="()" line-rate="1" branch-rate="1" complexity="1">
              <lines>
                <line number="74" hits="1" branch="False" />
              </lines>
            </method>
            <method name="get_ControllingTeamId" signature="()" line-rate="1" branch-rate="1" complexity="1">
              <lines>
                <line number="75" hits="7" branch="False" />
              </lines>
            </method>
            <method name="get_CaptureProgress" signature="()" line-rate="1" branch-rate="1" complexity="1">
              <lines>
                <line number="76" hits="4" branch="False" />
              </lines>
            </method>
            <method name=".ctor" signature="(System.Int32,System.Single,System.Single,System.Single,System.Nullable`1&lt;System.Int32&gt;,System.Single)" line-rate="1" branch-rate="1" complexity="1">
              <lines>
                <line number="70" hits="13" branch="False" />
                <line number="77" hits="13" branch="False" />
              </lines>
            </method>
          </methods>
          <lines>
            <line number="71" hits="1" branch="False" />
            <line number="72" hits="1" branch="False" />
            <line number="73" hits="1" branch="False" />
            <line number="74" hits="1" branch="False" />
            <line number="75" hits="7" branch="False" />
            <line number="76" hits="4" branch="False" />
            <line number="70" hits="13" branch="False" />
            <line number="77" hits="13" branch="False" />
          </lines>
        </class>
        <class name="BattleTank.GameLogic.Shared.PlayerInfo" filename="Shared/Types.cs" line-rate="1" branch-rate="1" complexity="5">
          <methods>
            <method name="get_Id" signature="()" line-rate="1" branch-rate="1" complexity="1">
              <lines>
                <line number="81" hits="6" branch="False" />
              </lines>
            </method>
            <method name="get_Nickname" signature="()" line-rate="1" branch-rate="1" complexity="1">
              <lines>
                <line number="82" hits="7" branch="False" />
              </lines>
            </method>
            <method name="get_Kills" signature="()" line-rate="1" branch-rate="1" complexity="1">
              <lines>
                <line number="83" hits="34" branch="False" />
              </lines>
            </method>
            <method name="get_TeamId" signature="()" line-rate="1" branch-rate="1" complexity="1">
              <lines>
                <line number="84" hits="28" branch="False" />
              </lines>
            </method>
            <method name=".ctor" signature="(System.Int32,System.String,System.Int32,System.Int32)" line-rate="1" branch-rate="1" complexity="1">
              <lines>
                <line number="80" hits="44" branch="False" />
                <line number="85" hits="44" branch="False" />
              </lines>
            </method>
          </methods>
          <lines>
            <line number="81" hits="6" branch="False" />
            <line number="82" hits="7" branch="False" />
            <line number="83" hits="34" branch="False" />
            <line number="84" hits="28" branch="False" />
            <line number="80" hits="44" branch="False" />
            <line number="85" hits="44" branch="False" />
          </lines>
        </class>
        <class name="BattleTank.GameLogic.Rules.BattleRoyaleRules" filename="Rules/BattleRoyaleRules.cs" line-rate="1" branch-rate="0.8125" complexity="25">
          <methods>
            <method name="get_Mode" signature="()" line-rate="1" branch-rate="1" complexity="1">
              <lines>
                <line number="16" hits="6" branch="False" />
              </lines>
            </method>
            <method name="get_IsFriendlyFireEnabled" signature="()" line-rate="1" branch-rate="1" complexity="1">
              <lines>
                <line number="17" hits="12" branch="False" />
              </lines>
            </method>
            <method name="get_UseShrinkingZone" signature="()" line-rate="1" branch-rate="1" complexity="1">
              <lines>
                <line number="18" hits="108" branch="False" />
              </lines>
            </method>
            <method name="get_UsesPowerups" signature="()" line-rate="1" branch-rate="1" complexity="1">
              <lines>
                <line number="19" hits="108" branch="False" />
              </lines>
            </method>
            <method name="Initialize" signature="(BattleTank.GameLogic.Rules.GameRoomState)" line-rate="1" branch-rate="1" complexity="1">
              <lines>
                <line number="21" hits="62" branch="False" />
              </lines>
            </method>
            <method name="GetSpawnPoint" signature="(System.Int32,BattleTank.GameLogic.Rules.GameRoomState)" line-rate="1" branch-rate="1" complexity="1">
              <lines>
                <line number="24" hits="64" branch="False" />
                <line number="25" hits="64" branch="False" />
                <line number="26" hits="64" branch="False" />
                <line number="27" hits="64" branch="False" />
              </lines>
            </method>
            <method name="OnPlayerAdded" signature="(System.Int32,BattleTank.GameLogic.Rules.GameRoomState)" line-rate="1" branch-rate="1" complexity="1">
              <lines>
                <line number="30" hits="64" branch="False" />
                <line number="31" hits="64" branch="False" />
                <line number="32" hits="64" branch="False" />
              </lines>
            </method>
            <method name="OnElimination" signature="(System.Int32,System.Int32,System.UInt32,BattleTank.GameLogic.Rules.GameRoomState)" line-rate="1" branch-rate="0.75" complexity="4">
              <lines>
                <line number="35" hits="3" branch="False" />
                <line number="36" hits="3" branch="True" condition-coverage="75% (3/4)">
                  <conditions>
                    <condition number="3" type="jump" coverage="50%" />
                    <condition number="23" type="jump" coverage="100%" />
                  </conditions>
                </line>
                <line number="37" hits="3" branch="False" />
                <line number="38" hits="3" branch="False" />
              </lines>
            </method>
            <method name="OnTick" signature="(System.UInt32,System.Single,BattleTank.GameLogic.Rules.GameRoomState)" line-rate="1" branch-rate="1" complexity="1">
              <lines>
                <line number="40" hits="216" branch="False" />
              </lines>
            </method>
            <method name="CheckWinCondition" signature="(BattleTank.GameLogic.Rules.GameRoomState)" line-rate="1" branch-rate="0.875" complexity="8">
              <lines>
                <line number="43" hits="109" branch="False" />
                <line number="44" hits="109" branch="False" />
                <line number="45" hits="109" branch="False" />
                <line number="47" hits="763" branch="True" condition-coverage="100% (2/2)">
                  <conditions>
                    <condition number="76" type="jump" coverage="100%" />
                  </conditions>
                </line>
                <line number="48" hits="218" branch="False" />
                <line number="49" hits="218" branch="True" condition-coverage="100% (2/2)">
                  <conditions>
                    <condition number="59" type="jump" coverage="100%" />
                  </conditions>
                </line>
                <line number="50" hits="215" branch="False" />
                <line number="51" hits="215" branch="False" />
                <line number="52" hits="215" branch="False" />
                <line number="53" hits="215" branch="False" />
                <line number="54" hits="218" branch="False" />
                <line number="56" hits="109" branch="True" condition-coverage="100% (2/2)">
                  <conditions>
                    <condition number="102" type="jump" coverage="100%" />
                  </conditions>
                </line>
                <line number="57" hits="4" branch="True" condition-coverage="50% (1/2)">
                  <conditions>
                    <condition number="106" type="jump" coverage="50%" />
                  </conditions>
                </line>
                <line number="59" hits="105" branch="False" />
                <line number="60" hits="109" branch="False" />
              </lines>
            </method>
            <method name="GetLeaderboard" signature="(BattleTank.GameLogic.Rules.GameRoomState)" line-rate="1" branch-rate="0.75" complexity="4">
              <lines>
                <line number="63" hits="5" branch="False" />
                <line number="64" hits="5" branch="False" />
                <line number="65" hits="37" branch="True" condition-coverage="100% (2/2)">
                  <conditions>
                    <condition number="146" type="jump" coverage="100%" />
                  </conditions>
                </line>
                <line number="66" hits="11" branch="False" />
                <line number="67" hits="11" branch="True" condition-coverage="50% (1/2)">
                  <conditions>
                    <condition number="75" type="jump" coverage="50%" />
                  </conditions>
                </line>
                <line number="68" hits="11" branch="False" />
                <line number="69" hits="11" branch="False" />
                <line number="70" hits="12" branch="False" />
                <line number="71" hits="5" branch="False" />
                <line number="72" hits="5" branch="False" />
              </lines>
            </method>
            <method name=".cctor" signature="()" line-rate="1" branch-rate="1" complexity="1">
              <lines>
                <line number="9" hits="1" branch="False" />
                <line number="10" hits="1" branch="False" />
                <line number="11" hits="1" branch="False" />
                <line number="12" hits="1" branch="False" />
                <line number="13" hits="1" branch="False" />
                <line number="14" hits="1" branch="False" />
              </lines>
            </method>
          </methods>
          <lines>
            <line number="16" hits="6" branch="False" />
            <line number="17" hits="12" branch="False" />
            <line number="18" hits="108" branch="False" />
            <line number="19" hits="108" branch="False" />
            <line number="21" hits="62" branch="False" />
            <line number="24" hits="64" branch="False" />
            <line number="25" hits="64" branch="False" />
            <line number="26" hits="64" branch="False" />
            <line number="27" hits="64" branch="False" />
            <line number="30" hits="64" branch="False" />
            <line number="31" hits="64" branch="False" />
            <line number="32" hits="64" branch="False" />
            <line number="35" hits="3" branch="False" />
            <line number="36" hits="3" branch="True" condition-coverage="75% (3/4)">
              <conditions>
                <condition number="3" type="jump" coverage="50%" />
                <condition number="23" type="jump" coverage="100%" />
              </conditions>
            </line>
            <line number="37" hits="3" branch="False" />
            <line number="38" hits="3" branch="False" />
            <line number="40" hits="216" branch="False" />
            <line number="43" hits="109" branch="False" />
            <line number="44" hits="109" branch="False" />
            <line number="45" hits="109" branch="False" />
            <line number="47" hits="763" branch="True" condition-coverage="100% (2/2)">
              <conditions>
                <condition number="76" type="jump" coverage="100%" />
              </conditions>
            </line>
            <line number="48" hits="218" branch="False" />
            <line number="49" hits="218" branch="True" condition-coverage="100% (2/2)">
              <conditions>
                <condition number="59" type="jump" coverage="100%" />
              </conditions>
            </line>
            <line number="50" hits="215" branch="False" />
            <line number="51" hits="215" branch="False" />
            <line number="52" hits="215" branch="False" />
            <line number="53" hits="215" branch="False" />
            <line number="54" hits="218" branch="False" />
            <line number="56" hits="109" branch="True" condition-coverage="100% (2/2)">
              <conditions>
                <condition number="102" type="jump" coverage="100%" />
              </conditions>
            </line>
            <line number="57" hits="4" branch="True" condition-coverage="50% (1/2)">
              <conditions>
                <condition number="106" type="jump" coverage="50%" />
              </conditions>
            </line>
            <line number="59" hits="105" branch="False" />
            <line number="60" hits="109" branch="False" />
            <line number="63" hits="5" branch="False" />
            <line number="64" hits="5" branch="False" />
            <line number="65" hits="37" branch="True" condition-coverage="100% (2/2)">
              <conditions>
                <condition number="146" type="jump" coverage="100%" />
              </conditions>
            </line>
            <line number="66" hits="11" branch="False" />
            <line number="67" hits="11" branch="True" condition-coverage="50% (1/2)">
              <conditions>
                <condition number="75" type="jump" coverage="50%" />
              </conditions>
            </line>
            <line number="68" hits="11" branch="False" />
            <line number="69" hits="11" branch="False" />
            <line number="70" hits="12" branch="False" />
            <line number="71" hits="5" branch="False" />
            <line number="72" hits="5" branch="False" />
            <line number="9" hits="1" branch="False" />
            <line number="10" hits="1" branch="False" />
            <line number="11" hits="1" branch="False" />
            <line number="12" hits="1" branch="False" />
            <line number="13" hits="1" branch="False" />
            <line number="14" hits="1" branch="False" />
          </lines>
        </class>
        <class name="BattleTank.GameLogic.Rules.CaptureZoneRules" filename="Rules/CaptureZoneRules.cs" line-rate="0.8983" branch-rate="0.7333" complexity="68">
          <methods>
            <method name="get_Mode" signature="()" line-rate="1" branch-rate="1" complexity="1">
              <lines>
                <line number="29" hits="4" branch="False" />
              </lines>
            </method>
            <method name="get_IsFriendlyFireEnabled" signature="()" line-rate="0" branch-rate="1" complexity="1">
              <lines>
                <line number="30" hits="0" branch="False" />
              </lines>
            </method>
            <method name="get_UseShrinkingZone" signature="()" line-rate="1" branch-rate="1" complexity="1">
              <lines>
                <line number="31" hits="5303" branch="False" />
              </lines>
            </method>
            <method name="get_UsesPowerups" signature="()" line-rate="1" branch-rate="1" complexity="1">
              <lines>
                <line number="32" hits="5303" branch="False" />
              </lines>
            </method>
            <method name="Initialize" signature="(BattleTank.GameLogic.Rules.GameRoomState)" line-rate="1" branch-rate="1" complexity="2">
              <lines>
                <line number="35" hits="8" branch="False" />
                <line number="36" hits="8" branch="False" />
                <line number="37" hits="8" branch="False" />
                <line number="38" hits="8" branch="False" />
                <line number="40" hits="8" branch="False" />
                <line number="42" hits="8" branch="False" />
                <line number="43" hits="64" branch="True" condition-coverage="100% (2/2)">
                  <conditions>
                    <condition number="104" type="jump" coverage="100%" />
                  </conditions>
                </line>
                <line number="44" hits="24" branch="False" />
                <line number="45" hits="8" branch="False" />
              </lines>
            </method>
            <method name="GetSpawnPoint" signature="(System.Int32,BattleTank.GameLogic.Rules.GameRoomState)" line-rate="1" branch-rate="1" complexity="1">
              <lines>
                <line number="48" hits="14" branch="False" />
                <line number="49" hits="14" branch="False" />
                <line number="50" hits="14" branch="False" />
              </lines>
            </method>
            <method name="OnPlayerAdded" signature="(System.Int32,BattleTank.GameLogic.Rules.GameRoomState)" line-rate="0.9229999999999999" branch-rate="0.8332999999999999" complexity="12">
              <lines>
                <line number="53" hits="14" branch="False" />
                <line number="55" hits="14" branch="False" />
                <line number="56" hits="14" branch="False" />
                <line number="57" hits="56" branch="True" condition-coverage="100% (2/2)">
                  <conditions>
                    <condition number="86" type="jump" coverage="100%" />
                  </conditions>
                </line>
                <line number="58" hits="7" branch="False" />
                <line number="59" hits="14" branch="True" condition-coverage="50% (1/2)">
                  <conditions>
                    <condition number="55" type="jump" coverage="50%" />
                  </conditions>
                </line>
                <line number="60" hits="0" branch="True" condition-coverage="50% (1/2)">
                  <conditions>
                    <condition number="72" type="jump" coverage="50%" />
                  </conditions>
                </line>
                <line number="61" hits="7" branch="False" />
                <line number="63" hits="14" branch="True" condition-coverage="100% (2/2)">
                  <conditions>
                    <condition number="107" type="jump" coverage="100%" />
                  </conditions>
                </line>
                <line number="64" hits="14" branch="False" />
                <line number="66" hits="21" branch="True" condition-coverage="100% (2/2)">
                  <conditions>
                    <condition number="147" type="jump" coverage="100%" />
                  </conditions>
                </line>
                <line number="67" hits="21" branch="True" condition-coverage="100% (2/2)">
                  <conditions>
                    <condition number="182" type="jump" coverage="100%" />
                  </conditions>
                </line>
                <line number="68" hits="14" branch="False" />
              </lines>
            </method>
            <method name="OnElimination" signature="(System.Int32,System.Int32,System.UInt32,BattleTank.GameLogic.Rules.GameRoomState)" line-rate="0" branch-rate="0" complexity="4">
              <lines>
                <line number="71" hits="0" branch="False" />
                <line number="72" hits="0" branch="True" condition-coverage="0% (0/4)">
                  <conditions>
                    <condition number="3" type="jump" coverage="0%" />
                    <condition number="23" type="jump" coverage="0%" />
                  </conditions>
                </line>
                <line number="73" hits="0" branch="False" />
                <line number="74" hits="0" branch="False" />
              </lines>
            </method>
            <method name="OnTick" signature="(System.UInt32,System.Single,BattleTank.GameLogic.Rules.GameRoomState)" line-rate="0.8571" branch-rate="0.9375" complexity="16">
              <lines>
                <line number="77" hits="5303" branch="False" />
                <line number="78" hits="5303" branch="True" condition-coverage="100% (2/2)">
                  <conditions>
                    <condition number="9" type="jump" coverage="100%" />
                  </conditions>
                </line>
                <line number="81" hits="47727" branch="True" condition-coverage="100% (2/2)">
                  <conditions>
                    <condition number="279" type="jump" coverage="100%" />
                  </conditions>
                </line>
                <line number="82" hits="15909" branch="False" />
                <line number="83" hits="15909" branch="False" />
                <line number="84" hits="15909" branch="True" condition-coverage="100% (4/4)">
                  <conditions>
                    <condition number="64" type="jump" coverage="100%" />
                    <condition number="91" type="jump" coverage="100%" />
                  </conditions>
                </line>
                <line number="85" hits="100" branch="False" />
                <line number="86" hits="100" branch="False" />
                <line number="87" hits="102" branch="True" condition-coverage="100% (2/2)">
                  <conditions>
                    <condition number="126" type="jump" coverage="100%" />
                  </conditions>
                </line>
                <line number="88" hits="100" branch="False" />
                <line number="89" hits="100" branch="False" />
                <line number="91" hits="100" branch="True" condition-coverage="50% (1/2)">
                  <conditions>
                    <condition number="238" type="jump" coverage="50%" />
                  </conditions>
                </line>
                <line number="92" hits="0" branch="False" />
                <line number="93" hits="0" branch="False" />
                <line number="94" hits="0" branch="False" />
                <line number="95" hits="0" branch="False" />
                <line number="97" hits="100" branch="False" />
                <line number="98" hits="15909" branch="False" />
                <line number="100" hits="5303" branch="True" condition-coverage="100% (2/2)">
                  <conditions>
                    <condition number="314" type="jump" coverage="100%" />
                  </conditions>
                </line>
                <line number="101" hits="5303" branch="False" />
                <line number="102" hits="5303" branch="False" />
                <line number="103" hits="5303" branch="True" condition-coverage="100% (2/2)">
                  <conditions>
                    <condition number="344" type="jump" coverage="100%" />
                  </conditions>
                </line>
                <line number="104" hits="1" branch="False" />
                <line number="105" hits="1" branch="False" />
                <line number="106" hits="1" branch="False" />
                <line number="107" hits="1" branch="False" />
                <line number="108" hits="5303" branch="False" />
                <line number="109" hits="5303" branch="False" />
              </lines>
            </method>
            <method name="CheckWinCondition" signature="(BattleTank.GameLogic.Rules.GameRoomState)" line-rate="1" branch-rate="1" complexity="1">
              <lines>
                <line number="112" hits="5303" branch="False" />
                <line number="113" hits="5303" branch="False" />
                <line number="114" hits="5303" branch="False" />
              </lines>
            </method>
            <method name="GetLeaderboard" signature="(BattleTank.GameLogic.Rules.GameRoomState)" line-rate="0.9411" branch-rate="0.5832999999999999" complexity="12">
              <lines>
                <line number="117" hits="1" branch="False" />
                <line number="118" hits="1" branch="False" />
                <line number="119" hits="7" branch="True" condition-coverage="100% (2/2)">
                  <conditions>
                    <condition number="208" type="jump" coverage="100%" />
                  </conditions>
                </line>
                <line number="120" hits="2" branch="False" />
                <line number="121" hits="2" branch="True" condition-coverage="50% (1/2)">
                  <conditions>
                    <condition number="107" type="jump" coverage="50%" />
                  </conditions>
                </line>
                <line number="122" hits="2" branch="True" condition-coverage="50% (1/2)">
                  <conditions>
                    <condition number="172" type="jump" coverage="50%" />
                  </conditions>
                </line>
                <line number="123" hits="2" branch="False" />
                <line number="124" hits="2" branch="False" />
                <line number="126" hits="1" branch="False" />
                <line number="127" hits="1" branch="False" />
                <line number="128" hits="1" branch="True" condition-coverage="50% (1/2)">
                  <conditions>
                    <condition number="25" type="jump" coverage="50%" />
                  </conditions>
                </line>
                <line number="129" hits="1" branch="True" condition-coverage="50% (1/2)">
                  <conditions>
                    <condition number="56" type="jump" coverage="50%" />
                  </conditions>
                </line>
                <line number="130" hits="2" branch="True" condition-coverage="50% (1/2)">
                  <conditions>
                    <condition number="74" type="jump" coverage="50%" />
                  </conditions>
                </line>
                <line number="131" hits="0" branch="False" />
                <line number="132" hits="2" branch="False" />
                <line number="133" hits="1" branch="False" />
                <line number="134" hits="1" branch="False" />
              </lines>
            </method>
            <method name="BuildResult" signature="(System.Int32,BattleTank.GameLogic.Rules.GameRoomState)" line-rate="0.909" branch-rate="0.625" complexity="8">
              <lines>
                <line number="137" hits="1" branch="False" />
                <line number="138" hits="1" branch="False" />
                <line number="139" hits="4" branch="True" condition-coverage="100% (2/2)">
                  <conditions>
                    <condition number="106" type="jump" coverage="100%" />
                  </conditions>
                </line>
                <line number="140" hits="1" branch="False" />
                <line number="141" hits="1" branch="True" condition-coverage="50% (3/6)">
                  <conditions>
                    <condition number="57" type="jump" coverage="50%" />
                    <condition number="73" type="jump" coverage="50%" />
                    <condition number="87" type="jump" coverage="50%" />
                  </conditions>
                </line>
                <line number="142" hits="1" branch="False" />
                <line number="143" hits="1" branch="False" />
                <line number="144" hits="1" branch="False" />
                <line number="146" hits="0" branch="False" />
                <line number="147" hits="1" branch="False" />
                <line number="148" hits="1" branch="False" />
              </lines>
            </method>
            <method name="BuildResultFromScores" signature="(BattleTank.GameLogic.Rules.GameRoomState)" line-rate="1" branch-rate="0.8332999999999999" complexity="6">
              <lines>
                <line number="151" hits="1" branch="False" />
                <line number="152" hits="1" branch="False" />
                <line number="153" hits="1" branch="False" />
                <line number="154" hits="7" branch="True" condition-coverage="100% (2/2)">
                  <conditions>
                    <condition number="75" type="jump" coverage="100%" />
                  </conditions>
                </line>
                <line number="155" hits="2" branch="False" />
                <line number="156" hits="2" branch="True" condition-coverage="100% (2/2)">
                  <conditions>
                    <condition number="58" type="jump" coverage="100%" />
                  </conditions>
                </line>
                <line number="157" hits="1" branch="False" />
                <line number="158" hits="1" branch="False" />
                <line number="159" hits="1" branch="False" />
                <line number="160" hits="1" branch="False" />
                <line number="161" hits="2" branch="False" />
                <line number="162" hits="1" branch="True" condition-coverage="50% (1/2)">
                  <conditions>
                    <condition number="96" type="jump" coverage="50%" />
                  </conditions>
                </line>
                <line number="163" hits="1" branch="False" />
              </lines>
            </method>
            <method name=".ctor" signature="()" line-rate="1" branch-rate="1" complexity="1">
              <lines>
                <line number="27" hits="7" branch="False" />
              </lines>
            </method>
            <method name=".cctor" signature="()" line-rate="1" branch-rate="1" complexity="1">
              <lines>
                <line number="10" hits="1" branch="False" />
                <line number="11" hits="1" branch="False" />
                <line number="12" hits="1" branch="False" />
                <line number="13" hits="1" branch="False" />
                <line number="14" hits="1" branch="False" />
                <line number="15" hits="1" branch="False" />
                <line number="17" hits="1" branch="False" />
                <line number="18" hits="1" branch="False" />
                <line number="19" hits="1" branch="False" />
                <line number="20" hits="1" branch="False" />
                <line number="21" hits="1" branch="False" />
                <line number="22" hits="1" branch="False" />
              </lines>
            </method>
          </methods>
          <lines>
            <line number="29" hits="4" branch="False" />
            <line number="30" hits="0" branch="False" />
            <line number="31" hits="5303" branch="False" />
            <line number="32" hits="5303" branch="False" />
            <line number="35" hits="8" branch="False" />
            <line number="36" hits="8" branch="False" />
            <line number="37" hits="8" branch="False" />
            <line number="38" hits="8" branch="False" />
            <line number="40" hits="8" branch="False" />
            <line number="42" hits="8" branch="False" />
            <line number="43" hits="64" branch="True" condition-coverage="100% (2/2)">
              <conditions>
                <condition number="104" type="jump" coverage="100%" />
              </conditions>
            </line>
            <line number="44" hits="24" branch="False" />
            <line number="45" hits="8" branch="False" />
            <line number="48" hits="14" branch="False" />
            <line number="49" hits="14" branch="False" />
            <line number="50" hits="14" branch="False" />
            <line number="53" hits="14" branch="False" />
            <line number="55" hits="14" branch="False" />
            <line number="56" hits="14" branch="False" />
            <line number="57" hits="56" branch="True" condition-coverage="100% (2/2)">
              <conditions>
                <condition number="86" type="jump" coverage="100%" />
              </conditions>
            </line>
            <line number="58" hits="7" branch="False" />
            <line number="59" hits="14" branch="True" condition-coverage="50% (1/2)">
              <conditions>
                <condition number="55" type="jump" coverage="50%" />
              </conditions>
            </line>
            <line number="60" hits="0" branch="True" condition-coverage="50% (1/2)">
              <conditions>
                <condition number="72" type="jump" coverage="50%" />
              </conditions>
            </line>
            <line number="61" hits="7" branch="False" />
            <line number="63" hits="14" branch="True" condition-coverage="100% (2/2)">
              <conditions>
                <condition number="107" type="jump" coverage="100%" />
              </conditions>
            </line>
            <line number="64" hits="14" branch="False" />
            <line number="66" hits="21" branch="True" condition-coverage="100% (2/2)">
              <conditions>
                <condition number="147" type="jump" coverage="100%" />
              </conditions>
            </line>
            <line number="67" hits="21" branch="True" condition-coverage="100% (2/2)">
              <conditions>
                <condition number="182" type="jump" coverage="100%" />
              </conditions>
            </line>
            <line number="68" hits="14" branch="False" />
            <line number="71" hits="0" branch="False" />
            <line number="72" hits="0" branch="True" condition-coverage="0% (0/4)">
              <conditions>
                <condition number="3" type="jump" coverage="0%" />
                <condition number="23" type="jump" coverage="0%" />
              </conditions>
            </line>
            <line number="73" hits="0" branch="False" />
            <line number="74" hits="0" branch="False" />
            <line number="77" hits="5303" branch="False" />
            <line number="78" hits="5303" branch="True" condition-coverage="100% (2/2)">
              <conditions>
                <condition number="9" type="jump" coverage="100%" />
              </conditions>
            </line>
            <line number="81" hits="47727" branch="True" condition-coverage="100% (2/2)">
              <conditions>
                <condition number="279" type="jump" coverage="100%" />
              </conditions>
            </line>
            <line number="82" hits="15909" branch="False" />
            <line number="83" hits="15909" branch="False" />
            <line number="84" hits="15909" branch="True" condition-coverage="100% (4/4)">
              <conditions>
                <condition number="64" type="jump" coverage="100%" />
                <condition number="91" type="jump" coverage="100%" />
              </conditions>
            </line>
            <line number="85" hits="100" branch="False" />
            <line number="86" hits="100" branch="False" />
            <line number="87" hits="102" branch="True" condition-coverage="100% (2/2)">
              <conditions>
                <condition number="126" type="jump" coverage="100%" />
              </conditions>
            </line>
            <line number="88" hits="100" branch="False" />
            <line number="89" hits="100" branch="False" />
            <line number="91" hits="100" branch="True" condition-coverage="50% (1/2)">
              <conditions>
                <condition number="238" type="jump" coverage="50%" />
              </conditions>
            </line>
            <line number="92" hits="0" branch="False" />
            <line number="93" hits="0" branch="False" />
            <line number="94" hits="0" branch="False" />
            <line number="95" hits="0" branch="False" />
            <line number="97" hits="100" branch="False" />
            <line number="98" hits="15909" branch="False" />
            <line number="100" hits="5303" branch="True" condition-coverage="100% (2/2)">
              <conditions>
                <condition number="314" type="jump" coverage="100%" />
              </conditions>
            </line>
            <line number="101" hits="5303" branch="False" />
            <line number="102" hits="5303" branch="False" />
            <line number="103" hits="5303" branch="True" condition-coverage="100% (2/2)">
              <conditions>
                <condition number="344" type="jump" coverage="100%" />
              </conditions>
            </line>
            <line number="104" hits="1" branch="False" />
            <line number="105" hits="1" branch="False" />
            <line number="106" hits="1" branch="False" />
            <line number="107" hits="1" branch="False" />
            <line number="108" hits="5303" branch="False" />
            <line number="109" hits="5303" branch="False" />
            <line number="112" hits="5303" branch="False" />
            <line number="113" hits="5303" branch="False" />
            <line number="114" hits="5303" branch="False" />
            <line number="117" hits="1" branch="False" />
            <line number="118" hits="1" branch="False" />
            <line number="119" hits="7" branch="True" condition-coverage="100% (2/2)">
              <conditions>
                <condition number="208" type="jump" coverage="100%" />
              </conditions>
            </line>
            <line number="120" hits="2" branch="False" />
            <line number="121" hits="2" branch="True" condition-coverage="50% (1/2)">
              <conditions>
                <condition number="107" type="jump" coverage="50%" />
              </conditions>
            </line>
            <line number="122" hits="2" branch="True" condition-coverage="50% (1/2)">
              <conditions>
                <condition number="172" type="jump" coverage="50%" />
              </conditions>
            </line>
            <line number="123" hits="2" branch="False" />
            <line number="124" hits="2" branch="False" />
            <line number="126" hits="1" branch="False" />
            <line number="127" hits="1" branch="False" />
            <line number="128" hits="1" branch="True" condition-coverage="50% (1/2)">
              <conditions>
                <condition number="25" type="jump" coverage="50%" />
              </conditions>
            </line>
            <line number="129" hits="1" branch="True" condition-coverage="50% (1/2)">
              <conditions>
                <condition number="56" type="jump" coverage="50%" />
              </conditions>
            </line>
            <line number="130" hits="2" branch="True" condition-coverage="50% (1/2)">
              <conditions>
                <condition number="74" type="jump" coverage="50%" />
              </conditions>
            </line>
            <line number="131" hits="0" branch="False" />
            <line number="132" hits="2" branch="False" />
            <line number="133" hits="1" branch="False" />
            <line number="134" hits="1" branch="False" />
            <line number="137" hits="1" branch="False" />
            <line number="138" hits="1" branch="False" />
            <line number="139" hits="4" branch="True" condition-coverage="100% (2/2)">
              <conditions>
                <condition number="106" type="jump" coverage="100%" />
              </conditions>
            </line>
            <line number="140" hits="1" branch="False" />
            <line number="141" hits="1" branch="True" condition-coverage="50% (3/6)">
              <conditions>
                <condition number="57" type="jump" coverage="50%" />
                <condition number="73" type="jump" coverage="50%" />
                <condition number="87" type="jump" coverage="50%" />
              </conditions>
            </line>
            <line number="142" hits="1" branch="False" />
            <line number="143" hits="1" branch="False" />
            <line number="144" hits="1" branch="False" />
            <line number="146" hits="0" branch="False" />
            <line number="147" hits="1" branch="False" />
            <line number="148" hits="1" branch="False" />
            <line number="151" hits="1" branch="False" />
            <line number="152" hits="1" branch="False" />
            <line number="153" hits="1" branch="False" />
            <line number="154" hits="7" branch="True" condition-coverage="100% (2/2)">
              <conditions>
                <condition number="75" type="jump" coverage="100%" />
              </conditions>
            </line>
            <line number="155" hits="2" branch="False" />
            <line number="156" hits="2" branch="True" condition-coverage="100% (2/2)">
              <conditions>
                <condition number="58" type="jump" coverage="100%" />
              </conditions>
            </line>
            <line number="157" hits="1" branch="False" />
            <line number="158" hits="1" branch="False" />
            <line number="159" hits="1" branch="False" />
            <line number="160" hits="1" branch="False" />
            <line number="161" hits="2" branch="False" />
            <line number="162" hits="1" branch="True" condition-coverage="50% (1/2)">
              <conditions>
                <condition number="96" type="jump" coverage="50%" />
              </conditions>
            </line>
            <line number="163" hits="1" branch="False" />
            <line number="27" hits="7" branch="False" />
            <line number="10" hits="1" branch="False" />
            <line number="11" hits="1" branch="False" />
            <line number="12" hits="1" branch="False" />
            <line number="13" hits="1" branch="False" />
            <line number="14" hits="1" branch="False" />
            <line number="15" hits="1" branch="False" />
            <line number="17" hits="1" branch="False" />
            <line number="18" hits="1" branch="False" />
            <line number="19" hits="1" branch="False" />
            <line number="20" hits="1" branch="False" />
            <line number="21" hits="1" branch="False" />
            <line number="22" hits="1" branch="False" />
          </lines>
        </class>
        <class name="BattleTank.GameLogic.Rules.DeathmatchRules" filename="Rules/DeathmatchRules.cs" line-rate="1" branch-rate="0.85" complexity="28">
          <methods>
            <method name="get_Mode" signature="()" line-rate="1" branch-rate="1" complexity="1">
              <lines>
                <line number="19" hits="1" branch="False" />
              </lines>
            </method>
            <method name="get_IsFriendlyFireEnabled" signature="()" line-rate="1" branch-rate="1" complexity="1">
              <lines>
                <line number="20" hits="12" branch="False" />
              </lines>
            </method>
            <method name="get_UseShrinkingZone" signature="()" line-rate="1" branch-rate="1" complexity="1">
              <lines>
                <line number="21" hits="7364" branch="False" />
              </lines>
            </method>
            <method name="get_UsesPowerups" signature="()" line-rate="1" branch-rate="1" complexity="1">
              <lines>
                <line number="22" hits="7364" branch="False" />
              </lines>
            </method>
            <method name="Initialize" signature="(BattleTank.GameLogic.Rules.GameRoomState)" line-rate="1" branch-rate="1" complexity="1">
              <lines>
                <line number="25" hits="6" branch="False" />
                <line number="26" hits="6" branch="False" />
                <line number="27" hits="6" branch="False" />
                <line number="28" hits="6" branch="False" />
              </lines>
            </method>
            <method name="GetSpawnPoint" signature="(System.Int32,BattleTank.GameLogic.Rules.GameRoomState)" line-rate="1" branch-rate="1" complexity="1">
              <lines>
                <line number="31" hits="12" branch="False" />
                <line number="32" hits="12" branch="False" />
                <line number="33" hits="12" branch="False" />
              </lines>
            </method>
            <method name="OnPlayerAdded" signature="(System.Int32,BattleTank.GameLogic.Rules.GameRoomState)" line-rate="1" branch-rate="1" complexity="1">
              <lines>
                <line number="36" hits="10" branch="False" />
                <line number="37" hits="10" branch="False" />
                <line number="38" hits="10" branch="False" />
              </lines>
            </method>
            <method name="OnElimination" signature="(System.Int32,System.Int32,System.UInt32,BattleTank.GameLogic.Rules.GameRoomState)" line-rate="1" branch-rate="0.75" complexity="4">
              <lines>
                <line number="41" hits="3" branch="False" />
                <line number="42" hits="3" branch="True" condition-coverage="75% (3/4)">
                  <conditions>
                    <condition number="3" type="jump" coverage="50%" />
                    <condition number="23" type="jump" coverage="100%" />
                  </conditions>
                </line>
                <line number="43" hits="3" branch="False" />
                <line number="46" hits="3" branch="False" />
                <line number="47" hits="3" branch="False" />
              </lines>
            </method>
            <method name="OnTick" signature="(System.UInt32,System.Single,BattleTank.GameLogic.Rules.GameRoomState)" line-rate="1" branch-rate="1" complexity="4">
              <lines>
                <line number="50" hits="7364" branch="False" />
                <line number="51" hits="7364" branch="True" condition-coverage="100% (2/2)">
                  <conditions>
                    <condition number="12" type="jump" coverage="100%" />
                  </conditions>
                </line>
                <line number="52" hits="7364" branch="False" />
                <line number="53" hits="7364" branch="False" />
                <line number="54" hits="7364" branch="True" condition-coverage="100% (2/2)">
                  <conditions>
                    <condition number="40" type="jump" coverage="100%" />
                  </conditions>
                </line>
                <line number="55" hits="2" branch="False" />
                <line number="56" hits="7364" branch="False" />
                <line number="57" hits="7364" branch="False" />
              </lines>
            </method>
            <method name="CheckWinCondition" signature="(BattleTank.GameLogic.Rules.GameRoomState)" line-rate="1" branch-rate="0.875" complexity="8">
              <lines>
                <line number="60" hits="7364" branch="False" />
                <line number="61" hits="7364" branch="True" condition-coverage="100% (2/2)">
                  <conditions>
                    <condition number="12" type="jump" coverage="100%" />
                  </conditions>
                </line>
                <line number="62" hits="7362" branch="False" />
                <line number="65" hits="2" branch="False" />
                <line number="66" hits="2" branch="False" />
                <line number="67" hits="14" branch="True" condition-coverage="100% (2/2)">
                  <conditions>
                    <condition number="98" type="jump" coverage="100%" />
                  </conditions>
                </line>
                <line number="68" hits="4" branch="False" />
                <line number="69" hits="4" branch="True" condition-coverage="100% (2/2)">
                  <conditions>
                    <condition number="80" type="jump" coverage="100%" />
                  </conditions>
                </line>
                <line number="70" hits="2" branch="False" />
                <line number="71" hits="2" branch="False" />
                <line number="72" hits="2" branch="False" />
                <line number="73" hits="2" branch="False" />
                <line number="74" hits="4" branch="False" />
                <line number="76" hits="2" branch="True" condition-coverage="50% (1/2)">
                  <conditions>
                    <condition number="119" type="jump" coverage="50%" />
                  </conditions>
                </line>
                <line number="77" hits="7364" branch="False" />
              </lines>
            </method>
            <method name="GetLeaderboard" signature="(BattleTank.GameLogic.Rules.GameRoomState)" line-rate="1" branch-rate="0.75" complexity="4">
              <lines>
                <line number="80" hits="1" branch="False" />
                <line number="81" hits="1" branch="False" />
                <line number="82" hits="7" branch="True" condition-coverage="100% (2/2)">
                  <conditions>
                    <condition number="146" type="jump" coverage="100%" />
                  </conditions>
                </line>
                <line number="83" hits="2" branch="False" />
                <line number="84" hits="2" branch="True" condition-coverage="50% (1/2)">
                  <conditions>
                    <condition number="75" type="jump" coverage="50%" />
                  </conditions>
                </line>
                <line number="85" hits="2" branch="False" />
                <line number="86" hits="2" branch="False" />
                <line number="87" hits="2" branch="False" />
                <line number="88" hits="1" branch="False" />
                <line number="89" hits="1" branch="False" />
              </lines>
            </method>
            <method name=".cctor" signature="()" line-rate="1" branch-rate="1" complexity="1">
              <lines>
                <line number="9" hits="1" branch="False" />
                <line number="10" hits="1" branch="False" />
                <line number="11" hits="1" branch="False" />
                <line number="12" hits="1" branch="False" />
                <line number="13" hits="1" branch="False" />
                <line number="14" hits="1" branch="False" />
              </lines>
            </method>
          </methods>
          <lines>
            <line number="19" hits="1" branch="False" />
            <line number="20" hits="12" branch="False" />
            <line number="21" hits="7364" branch="False" />
            <line number="22" hits="7364" branch="False" />
            <line number="25" hits="6" branch="False" />
            <line number="26" hits="6" branch="False" />
            <line number="27" hits="6" branch="False" />
            <line number="28" hits="6" branch="False" />
            <line number="31" hits="12" branch="False" />
            <line number="32" hits="12" branch="False" />
            <line number="33" hits="12" branch="False" />
            <line number="36" hits="10" branch="False" />
            <line number="37" hits="10" branch="False" />
            <line number="38" hits="10" branch="False" />
            <line number="41" hits="3" branch="False" />
            <line number="42" hits="3" branch="True" condition-coverage="75% (3/4)">
              <conditions>
                <condition number="3" type="jump" coverage="50%" />
                <condition number="23" type="jump" coverage="100%" />
              </conditions>
            </line>
            <line number="43" hits="3" branch="False" />
            <line number="46" hits="3" branch="False" />
            <line number="47" hits="3" branch="False" />
            <line number="50" hits="7364" branch="False" />
            <line number="51" hits="7364" branch="True" condition-coverage="100% (2/2)">
              <conditions>
                <condition number="12" type="jump" coverage="100%" />
              </conditions>
            </line>
            <line number="52" hits="7364" branch="False" />
            <line number="53" hits="7364" branch="False" />
            <line number="54" hits="7364" branch="True" condition-coverage="100% (2/2)">
              <conditions>
                <condition number="40" type="jump" coverage="100%" />
              </conditions>
            </line>
            <line number="55" hits="2" branch="False" />
            <line number="56" hits="7364" branch="False" />
            <line number="57" hits="7364" branch="False" />
            <line number="60" hits="7364" branch="False" />
            <line number="61" hits="7364" branch="True" condition-coverage="100% (2/2)">
              <conditions>
                <condition number="12" type="jump" coverage="100%" />
              </conditions>
            </line>
            <line number="62" hits="7362" branch="False" />
            <line number="65" hits="2" branch="False" />
            <line number="66" hits="2" branch="False" />
            <line number="67" hits="14" branch="True" condition-coverage="100% (2/2)">
              <conditions>
                <condition number="98" type="jump" coverage="100%" />
              </conditions>
            </line>
            <line number="68" hits="4" branch="False" />
            <line number="69" hits="4" branch="True" condition-coverage="100% (2/2)">
              <conditions>
                <condition number="80" type="jump" coverage="100%" />
              </conditions>
            </line>
            <line number="70" hits="2" branch="False" />
            <line number="71" hits="2" branch="False" />
            <line number="72" hits="2" branch="False" />
            <line number="73" hits="2" branch="False" />
            <line number="74" hits="4" branch="False" />
            <line number="76" hits="2" branch="True" condition-coverage="50% (1/2)">
              <conditions>
                <condition number="119" type="jump" coverage="50%" />
              </conditions>
            </line>
            <line number="77" hits="7364" branch="False" />
            <line number="80" hits="1" branch="False" />
            <line number="81" hits="1" branch="False" />
            <line number="82" hits="7" branch="True" condition-coverage="100% (2/2)">
              <conditions>
                <condition number="146" type="jump" coverage="100%" />
              </conditions>
            </line>
            <line number="83" hits="2" branch="False" />
            <line number="84" hits="2" branch="True" condition-coverage="50% (1/2)">
              <conditions>
                <condition number="75" type="jump" coverage="50%" />
              </conditions>
            </line>
            <line number="85" hits="2" branch="False" />
            <line number="86" hits="2" branch="False" />
            <line number="87" hits="2" branch="False" />
            <line number="88" hits="1" branch="False" />
            <line number="89" hits="1" branch="False" />
            <line number="9" hits="1" branch="False" />
            <line number="10" hits="1" branch="False" />
            <line number="11" hits="1" branch="False" />
            <line number="12" hits="1" branch="False" />
            <line number="13" hits="1" branch="False" />
            <line number="14" hits="1" branch="False" />
          </lines>
        </class>
        <class name="BattleTank.GameLogic.Rules.Elimination" filename="Rules/GameRoom.cs" line-rate="0" branch-rate="1" complexity="1">
          <methods>
            <method name="get_EliminatedId" signature="()" line-rate="0" branch-rate="1" complexity="1">
              <lines>
                <line number="12" hits="0" branch="False" />
              </lines>
            </method>
          </methods>
          <lines>
            <line number="12" hits="0" branch="False" />
          </lines>
        </class>
        <class name="BattleTank.GameLogic.Rules.GameRoom" filename="Rules/GameRoom.cs" line-rate="0.8944" branch-rate="0.8405" complexity="152">
          <methods>
            <method name="get_Phase" signature="()" line-rate="1" branch-rate="1" complexity="1">
              <lines>
                <line number="50" hits="20" branch="False" />
              </lines>
            </method>
            <method name="get_WinnerId" signature="()" line-rate="1" branch-rate="1" complexity="1">
              <lines>
                <line number="51" hits="72" branch="False" />
              </lines>
            </method>
            <method name="get_WinnerTeamId" signature="()" line-rate="1" branch-rate="1" complexity="1">
              <lines>
                <line number="52" hits="69" branch="False" />
              </lines>
            </method>
            <method name="get_CountdownSecondsRemaining" signature="()" line-rate="1" branch-rate="1" complexity="1">
              <lines>
                <line number="53" hits="1863" branch="False" />
              </lines>
            </method>
            <method name="get_GameDurationSeconds" signature="()" line-rate="0" branch-rate="1" complexity="1">
              <lines>
                <line number="54" hits="0" branch="False" />
              </lines>
            </method>
            <method name="get_PlayerNicknames" signature="()" line-rate="1" branch-rate="1" complexity="1">
              <lines>
                <line number="55" hits="2" branch="False" />
              </lines>
            </method>
            <method name="get_PlayerKills" signature="()" line-rate="0" branch-rate="1" complexity="1">
              <lines>
                <line number="56" hits="0" branch="False" />
              </lines>
            </method>
            <method name="get_TeamScores" signature="()" line-rate="1" branch-rate="1" complexity="1">
              <lines>
                <line number="57" hits="1" branch="False" />
              </lines>
            </method>
            <method name="GetLeaderboard" signature="()" line-rate="1" branch-rate="1" complexity="1">
              <lines>
                <line number="89" hits="8" branch="False" />
              </lines>
            </method>
            <method name="SetPlayerAccountId" signature="(System.Int32,System.Int32)" line-rate="0" branch-rate="1" complexity="1">
              <lines>
                <line number="92" hits="0" branch="False" />
              </lines>
            </method>
            <method name="GetPlayerAccountId" signature="(System.Int32)" line-rate="0" branch-rate="0" complexity="2">
              <lines>
                <line number="95" hits="0" branch="True" condition-coverage="0% (0/2)">
                  <conditions>
                    <condition number="14" type="jump" coverage="0%" />
                  </conditions>
                </line>
              </lines>
            </method>
            <method name="AddPlayer" signature="(System.Int32,System.String)" line-rate="0.9523" branch-rate="0.8332999999999999" complexity="12">
              <lines>
                <line number="98" hits="108" branch="False" />
                <line number="99" hits="108" branch="True" condition-coverage="100% (4/4)">
                  <conditions>
                    <condition number="7" type="jump" coverage="100%" />
                    <condition number="26" type="jump" coverage="100%" />
                  </conditions>
                </line>
                <line number="100" hits="1" branch="False" />
                <line number="102" hits="107" branch="True" condition-coverage="100% (2/2)">
                  <conditions>
                    <condition number="67" type="jump" coverage="100%" />
                  </conditions>
                </line>
                <line number="103" hits="1" branch="False" />
                <line number="105" hits="106" branch="True" condition-coverage="50% (1/2)">
                  <conditions>
                    <condition number="102" type="jump" coverage="50%" />
                  </conditions>
                </line>
                <line number="106" hits="0" branch="False" />
                <line number="109" hits="106" branch="False" />
                <line number="111" hits="106" branch="False" />
                <line number="112" hits="106" branch="False" />
                <line number="113" hits="106" branch="True" condition-coverage="50% (1/2)">
                  <conditions>
                    <condition number="182" type="jump" coverage="50%" />
                  </conditions>
                </line>
                <line number="115" hits="106" branch="False" />
                <line number="116" hits="106" branch="True" condition-coverage="100% (2/2)">
                  <conditions>
                    <condition number="221" type="jump" coverage="100%" />
                  </conditions>
                </line>
                <line number="117" hits="106" branch="False" />
                <line number="118" hits="106" branch="False" />
                <line number="119" hits="106" branch="False" />
                <line number="120" hits="106" branch="False" />
                <line number="122" hits="106" branch="False" />
                <line number="123" hits="106" branch="False" />
                <line number="125" hits="106" branch="False" />
                <line number="126" hits="108" branch="False" />
              </lines>
            </method>
            <method name="RemovePlayer" signature="(System.Int32)" line-rate="0.9285" branch-rate="1" complexity="4">
              <lines>
                <line number="129" hits="2" branch="False" />
                <line number="130" hits="2" branch="True" condition-coverage="100% (2/2)">
                  <conditions>
                    <condition number="18" type="jump" coverage="100%" />
                  </conditions>
                </line>
                <line number="131" hits="0" branch="False" />
                <line number="133" hits="2" branch="False" />
                <line number="134" hits="2" branch="False" />
                <line number="135" hits="2" branch="False" />
                <line number="136" hits="2" branch="False" />
                <line number="137" hits="2" branch="False" />
                <line number="138" hits="2" branch="False" />
                <line number="139" hits="2" branch="False" />
                <line number="141" hits="2" branch="False" />
                <line number="143" hits="2" branch="True" condition-coverage="100% (2/2)">
                  <conditions>
                    <condition number="159" type="jump" coverage="100%" />
                  </conditions>
                </line>
                <line number="144" hits="2" branch="False" />
                <line number="145" hits="2" branch="False" />
              </lines>
            </method>
            <method name="ApplyInput" signature="(System.Int32,BattleTank.GameLogic.Network.PlayerInput)" line-rate="0.75" branch-rate="1" complexity="4">
              <lines>
                <line number="148" hits="8" branch="False" />
                <line number="149" hits="8" branch="True" condition-coverage="100% (2/2)">
                  <conditions>
                    <condition number="18" type="jump" coverage="100%" />
                  </conditions>
                </line>
                <line number="150" hits="0" branch="False" />
                <line number="152" hits="8" branch="True" condition-coverage="100% (2/2)">
                  <conditions>
                    <condition number="47" type="jump" coverage="100%" />
[...]
            <line number="78" hits="1003" branch="True" condition-coverage="100% (2/2)">
              <conditions>
                <condition number="170" type="jump" coverage="100%" />
              </conditions>
            </line>
            <line number="79" hits="1002" branch="False" />
            <line number="80" hits="1002" branch="False" />
            <line number="81" hits="1002" branch="False" />
            <line number="82" hits="1" branch="True" condition-coverage="100% (2/2)">
              <conditions>
                <condition number="225" type="jump" coverage="100%" />
              </conditions>
            </line>
            <line number="83" hits="1" branch="False" />
            <line number="84" hits="1" branch="False" />
            <line number="85" hits="1" branch="False" />
            <line number="87" hits="1002" branch="False" />
            <line number="89" hits="16413" branch="True" condition-coverage="100% (2/2)">
              <conditions>
                <condition number="258" type="jump" coverage="100%" />
              </conditions>
            </line>
            <line number="90" hits="16413" branch="False" />
            <line number="19" hits="31" branch="False" />
            <line number="20" hits="31" branch="False" />
            <line number="21" hits="31" branch="False" />
            <line number="22" hits="31" branch="False" />
            <line number="23" hits="31" branch="False" />
            <line number="24" hits="31" branch="False" />
          </lines>
        </class>
        <class name="BattleTank.GameLogic.Entities.PowerupEntity" filename="Entities/PowerupEntity.cs" line-rate="1" branch-rate="1" complexity="7">
          <methods>
            <method name="get_Id" signature="()" line-rate="1" branch-rate="1" complexity="1">
              <lines>
                <line number="8" hits="1" branch="False" />
              </lines>
            </method>
            <method name="get_Position" signature="()" line-rate="1" branch-rate="1" complexity="1">
              <lines>
                <line number="9" hits="253442" branch="False" />
              </lines>
            </method>
            <method name="get_Type" signature="()" line-rate="1" branch-rate="1" complexity="1">
              <lines>
                <line number="10" hits="1" branch="False" />
              </lines>
            </method>
            <method name="get_IsPickedUp" signature="()" line-rate="1" branch-rate="1" complexity="1">
              <lines>
                <line number="11" hits="126723" branch="False" />
              </lines>
            </method>
            <method name="PickUp" signature="()" line-rate="1" branch-rate="1" complexity="1">
              <lines>
                <line number="20" hits="1" branch="False" />
              </lines>
            </method>
            <method name="GetSnapshot" signature="()" line-rate="1" branch-rate="1" complexity="1">
              <lines>
                <line number="22" hits="1" branch="False" />
              </lines>
            </method>
            <method name=".ctor" signature="(System.Int32,System.Numerics.Vector2,BattleTank.GameLogic.Shared.PowerupType)" line-rate="1" branch-rate="1" complexity="1">
              <lines>
                <line number="13" hits="38" branch="False" />
                <line number="14" hits="38" branch="False" />
                <line number="15" hits="38" branch="False" />
                <line number="16" hits="38" branch="False" />
                <line number="17" hits="38" branch="False" />
                <line number="18" hits="38" branch="False" />
              </lines>
            </method>
          </methods>
          <lines>
            <line number="8" hits="1" branch="False" />
            <line number="9" hits="253442" branch="False" />
            <line number="10" hits="1" branch="False" />
            <line number="11" hits="126723" branch="False" />
            <line number="20" hits="1" branch="False" />
            <line number="22" hits="1" branch="False" />
            <line number="13" hits="38" branch="False" />
            <line number="14" hits="38" branch="False" />
            <line number="15" hits="38" branch="False" />
            <line number="16" hits="38" branch="False" />
            <line number="17" hits="38" branch="False" />
            <line number="18" hits="38" branch="False" />
          </lines>
        </class>
        <class name="BattleTank.GameLogic.Entities.TankEntity" filename="Entities/TankEntity.cs" line-rate="1" branch-rate="1" complexity="36">
          <methods>
            <method name="get_Id" signature="()" line-rate="1" branch-rate="1" complexity="1">
              <lines>
                <line number="13" hits="13083" branch="False" />
              </lines>
            </method>
            <method name="get_TeamId" signature="()" line-rate="1" branch-rate="1" complexity="1">
              <lines>
                <line number="14" hits="33580" branch="False" />
              </lines>
            </method>
            <method name="get_Position" signature="()" line-rate="1" branch-rate="1" complexity="1">
              <lines>
                <line number="15" hits="1142621" branch="False" />
              </lines>
            </method>
            <method name="get_Rotation" signature="()" line-rate="1" branch-rate="1" complexity="1">
              <lines>
                <line number="16" hits="51587" branch="False" />
              </lines>
            </method>
            <method name="get_Health" signature="()" line-rate="1" branch-rate="1" complexity="1">
              <lines>
                <line number="17" hits="13" branch="False" />
              </lines>
            </method>
            <method name="get_IsAlive" signature="()" line-rate="1" branch-rate="1" complexity="1">
              <lines>
                <line number="18" hits="224692" branch="False" />
              </lines>
            </method>
            <method name="get_IsEliminated" signature="()" line-rate="1" branch-rate="1" complexity="1">
              <lines>
                <line number="19" hits="13" branch="False" />
              </lines>
            </method>
            <method name="get_SpeedMultiplier" signature="()" line-rate="1" branch-rate="1" complexity="1">
              <lines>
                <line number="20" hits="25662" branch="False" />
              </lines>
            </method>
            <method name="ApplyInput" signature="(BattleTank.GameLogic.Network.InputFlags,System.Single)" line-rate="1" branch-rate="1" complexity="10">
              <lines>
                <line number="31" hits="25513" branch="False" />
                <line number="32" hits="25514" branch="True" condition-coverage="100% (2/2)">
                  <conditions>
                    <condition number="12" type="jump" coverage="100%" />
                  </conditions>
                </line>
                <line number="34" hits="25512" branch="True" condition-coverage="100% (2/2)">
                  <conditions>
                    <condition number="27" type="jump" coverage="100%" />
                  </conditions>
                </line>
                <line number="35" hits="1" branch="False" />
                <line number="37" hits="25512" branch="True" condition-coverage="100% (2/2)">
                  <conditions>
                    <condition number="58" type="jump" coverage="100%" />
                  </conditions>
                </line>
                <line number="38" hits="1" branch="False" />
                <line number="40" hits="25512" branch="False" />
                <line number="42" hits="25512" branch="True" condition-coverage="100% (2/2)">
                  <conditions>
                    <condition number="107" type="jump" coverage="100%" />
                  </conditions>
                </line>
                <line number="43" hits="2" branch="False" />
                <line number="45" hits="25512" branch="True" condition-coverage="100% (2/2)">
                  <conditions>
                    <condition number="170" type="jump" coverage="100%" />
                  </conditions>
                </line>
                <line number="46" hits="1" branch="False" />
                <line number="47" hits="25513" branch="False" />
              </lines>
            </method>
            <method name="TakeDamage" signature="(System.Int32)" line-rate="1" branch-rate="1" complexity="4">
              <lines>
                <line number="50" hits="65" branch="False" />
                <line number="51" hits="66" branch="True" condition-coverage="100% (2/2)">
                  <conditions>
                    <condition number="12" type="jump" coverage="100%" />
                  </conditions>
                </line>
                <line number="52" hits="64" branch="False" />
                <line number="53" hits="64" branch="True" condition-coverage="100% (2/2)">
                  <conditions>
                    <condition number="47" type="jump" coverage="100%" />
                  </conditions>
                </line>
                <line number="54" hits="11" branch="False" />
                <line number="55" hits="65" branch="False" />
              </lines>
            </method>
            <method name="Respawn" signature="(System.Numerics.Vector2)" line-rate="1" branch-rate="1" complexity="1">
              <lines>
                <line number="58" hits="2" branch="False" />
                <line number="59" hits="2" branch="False" />
                <line number="60" hits="2" branch="False" />
                <line number="61" hits="2" branch="False" />
                <line number="62" hits="2" branch="False" />
                <line number="63" hits="2" branch="False" />
                <line number="64" hits="2" branch="False" />
                <line number="65" hits="2" branch="False" />
              </lines>
            </method>
            <method name="Heal" signature="(System.Int32)" line-rate="1" branch-rate="1" complexity="2">
              <lines>
                <line number="68" hits="2" branch="False" />
                <line number="69" hits="2" branch="True" condition-coverage="100% (2/2)">
                  <conditions>
                    <condition number="12" type="jump" coverage="100%" />
                  </conditions>
                </line>
                <line number="70" hits="2" branch="False" />
                <line number="71" hits="2" branch="False" />
              </lines>
            </method>
            <method name="ApplySpeedBoost" signature="(System.UInt32)" line-rate="1" branch-rate="1" complexity="1">
              <lines>
                <line number="74" hits="3" branch="False" />
                <line number="75" hits="3" branch="False" />
                <line number="76" hits="3" branch="False" />
                <line number="77" hits="3" branch="False" />
              </lines>
            </method>
            <method name="TickSpeedBoost" signature="(System.UInt32)" line-rate="1" branch-rate="1" complexity="4">
              <lines>
                <line number="80" hits="25510" branch="False" />
                <line number="81" hits="25510" branch="True" condition-coverage="100% (4/4)">
                  <conditions>
                    <condition number="12" type="jump" coverage="100%" />
                    <condition number="31" type="jump" coverage="100%" />
                  </conditions>
                </line>
                <line number="82" hits="1" branch="False" />
                <line number="83" hits="25510" branch="False" />
              </lines>
            </method>
            <method name="SetPosition" signature="(System.Numerics.Vector2)" line-rate="1" branch-rate="1" complexity="1">
              <lines>
                <line number="86" hits="26028" branch="False" />
                <line number="87" hits="26028" branch="False" />
                <line number="88" hits="26028" branch="False" />
              </lines>
            </method>
            <method name="GetSnapshot" signature="()" line-rate="1" branch-rate="1" complexity="1">
              <lines>
                <line number="91" hits="23" branch="False" />
              </lines>
            </method>
            <method name="GetForwardVector" signature="()" line-rate="1" branch-rate="1" complexity="1">
              <lines>
                <line number="94" hits="3" branch="False" />
                <line number="95" hits="3" branch="False" />
                <line number="96" hits="3" branch="False" />
                <line number="97" hits="3" branch="False" />
              </lines>
            </method>
            <method name="NormalizeAngle" signature="(System.Single)" line-rate="1" branch-rate="1" complexity="2">
              <lines>
                <line number="100" hits="25512" branch="False" />
                <line number="101" hits="25512" branch="False" />
                <line number="102" hits="25513" branch="True" condition-coverage="100% (2/2)">
                  <conditions>
                    <condition number="20" type="jump" coverage="100%" />
                  </conditions>
                </line>
                <line number="103" hits="25512" branch="False" />
                <line number="104" hits="25512" branch="False" />
              </lines>
            </method>
            <method name=".ctor" signature="(System.Int32,System.Numerics.Vector2)" line-rate="1" branch-rate="1" complexity="1">
              <lines>
                <line number="22" hits="138" branch="False" />
                <line number="23" hits="138" branch="False" />
                <line number="24" hits="138" branch="False" />
                <line number="25" hits="138" branch="False" />
                <line number="26" hits="138" branch="False" />
                <line number="27" hits="138" branch="False" />
                <line number="28" hits="138" branch="False" />
              </lines>
            </method>
          </methods>
          <lines>
            <line number="13" hits="13083" branch="False" />
            <line number="14" hits="33580" branch="False" />
            <line number="15" hits="1142621" branch="False" />
            <line number="16" hits="51587" branch="False" />
            <line number="17" hits="13" branch="False" />
            <line number="18" hits="224692" branch="False" />
            <line number="19" hits="13" branch="False" />
            <line number="20" hits="25662" branch="False" />
            <line number="31" hits="25513" branch="False" />
            <line number="32" hits="25514" branch="True" condition-coverage="100% (2/2)">
              <conditions>
                <condition number="12" type="jump" coverage="100%" />
              </conditions>
            </line>
            <line number="34" hits="25512" branch="True" condition-coverage="100% (2/2)">
              <conditions>
                <condition number="27" type="jump" coverage="100%" />
              </conditions>
            </line>
            <line number="35" hits="1" branch="False" />
            <line number="37" hits="25512" branch="True" condition-coverage="100% (2/2)">
              <conditions>
                <condition number="58" type="jump" coverage="100%" />
              </conditions>
            </line>
            <line number="38" hits="1" branch="False" />
            <line number="40" hits="25512" branch="False" />
            <line number="42" hits="25512" branch="True" condition-coverage="100% (2/2)">
              <conditions>
                <condition number="107" type="jump" coverage="100%" />
              </conditions>
            </line>
            <line number="43" hits="2" branch="False" />
            <line number="45" hits="25512" branch="True" condition-coverage="100% (2/2)">
              <conditions>
                <condition number="170" type="jump" coverage="100%" />
              </conditions>
            </line>
            <line number="46" hits="1" branch="False" />
            <line number="47" hits="25513" branch="False" />
            <line number="50" hits="65" branch="False" />
            <line number="51" hits="66" branch="True" condition-coverage="100% (2/2)">
              <conditions>
                <condition number="12" type="jump" coverage="100%" />
              </conditions>
            </line>
            <line number="52" hits="64" branch="False" />
            <line number="53" hits="64" branch="True" condition-coverage="100% (2/2)">
              <conditions>
                <condition number="47" type="jump" coverage="100%" />
              </conditions>
            </line>
            <line number="54" hits="11" branch="False" />
            <line number="55" hits="65" branch="False" />
            <line number="58" hits="2" branch="False" />
            <line number="59" hits="2" branch="False" />
            <line number="60" hits="2" branch="False" />
            <line number="61" hits="2" branch="False" />
            <line number="62" hits="2" branch="False" />
            <line number="63" hits="2" branch="False" />
            <line number="64" hits="2" branch="False" />
            <line number="65" hits="2" branch="False" />
            <line number="68" hits="2" branch="False" />
            <line number="69" hits="2" branch="True" condition-coverage="100% (2/2)">
              <conditions>
                <condition number="12" type="jump" coverage="100%" />
              </conditions>
            </line>
            <line number="70" hits="2" branch="False" />
            <line number="71" hits="2" branch="False" />
            <line number="74" hits="3" branch="False" />
            <line number="75" hits="3" branch="False" />
            <line number="76" hits="3" branch="False" />
            <line number="77" hits="3" branch="False" />
            <line number="80" hits="25510" branch="False" />
            <line number="81" hits="25510" branch="True" condition-coverage="100% (4/4)">
              <conditions>
                <condition number="12" type="jump" coverage="100%" />
                <condition number="31" type="jump" coverage="100%" />
              </conditions>
            </line>
            <line number="82" hits="1" branch="False" />
            <line number="83" hits="25510" branch="False" />
            <line number="86" hits="26028" branch="False" />
            <line number="87" hits="26028" branch="False" />
            <line number="88" hits="26028" branch="False" />
            <line number="91" hits="23" branch="False" />
            <line number="94" hits="3" branch="False" />
            <line number="95" hits="3" branch="False" />
            <line number="96" hits="3" branch="False" />
            <line number="97" hits="3" branch="False" />
            <line number="100" hits="25512" branch="False" />
            <line number="101" hits="25512" branch="False" />
            <line number="102" hits="25513" branch="True" condition-coverage="100% (2/2)">
              <conditions>
                <condition number="20" type="jump" coverage="100%" />
              </conditions>
            </line>
            <line number="103" hits="25512" branch="False" />
            <line number="104" hits="25512" branch="False" />
            <line number="22" hits="138" branch="False" />
            <line number="23" hits="138" branch="False" />
            <line number="24" hits="138" branch="False" />
            <line number="25" hits="138" branch="False" />
            <line number="26" hits="138" branch="False" />
            <line number="27" hits="138" branch="False" />
            <line number="28" hits="138" branch="False" />
          </lines>
        </class>
      </classes>
    </package>
  </packages>
</coverage>
